0 info it worked if it ends with ok
1 verbose cli [ '/usr/local/bin/node', '/usr/local/bin/npm', 'run', 'dev' ]
2 info using npm@3.10.8
3 info using node@v6.9.1
4 verbose run-script [ 'predev', 'dev', 'postdev' ]
5 info lifecycle vue-element-admin@4.2.1~predev: vue-element-admin@4.2.1
6 silly lifecycle vue-element-admin@4.2.1~predev: no script for predev, continuing
7 info lifecycle vue-element-admin@4.2.1~dev: vue-element-admin@4.2.1
8 verbose lifecycle vue-element-admin@4.2.1~dev: unsafe-perm in lifecycle true
9 verbose lifecycle vue-element-admin@4.2.1~dev: PATH: /usr/local/lib/node_modules/npm/bin/node-gyp-bin:/Users/sirius/Documents/06code/vue-element-admin-master/node_modules/.bin:/Users/sirius/.pyenv/shims:/Users/sirius/.rvm/gems/ruby-2.2.2/bin:/Users/sirius/.rvm/gems/ruby-2.2.2@global/bin:/Users/sirius/.rvm/rubies/ruby-2.2.2/bin:/usr/local/mysql/bin:/Users/sirius/Downloads/apache-tomcat-8.0.24/bin:/Users/sirius/Downloads/apache-maven-3.3.3/bin:/Users/sirius/Downloads/apache-ant-1.9.6/bin:/usr/local/bin:/usr/bin:/bin:/usr/sbin:/sbin:/opt/X11/bin:/usr/local/git/bin:/Users/sirius/.pyenv/shims:/Users/sirius/.rvm/gems/ruby-2.2.2/bin:/Users/sirius/.rvm/gems/ruby-2.2.2@global/bin:/Users/sirius/.rvm/rubies/ruby-2.2.2/bin:/Users/sirius/.gvm/springboot/current/bin:/Users/sirius/.gvm/lazybones/current/bin:/Users/sirius/.gvm/jbossforge/current/bin:/Users/sirius/.gvm/jbake/current/bin:/Users/sirius/.gvm/groovyserv/current/bin:/Users/sirius/.gvm/groovy/current/bin:/Users/sirius/.gvm/griffon/current/bin:/Users/sirius/.gvm/grails/current/bin:/Users/sirius/.gvm/gradle/current/bin:/Users/sirius/.gvm/glide/current/bin:/Users/sirius/.gvm/gaiden/current/bin:/Users/sirius/.gvm/crash/current/bin:/Users/sirius/.gvm/asciidoctorj/current/bin:/usr/local/mysql/bin:/Users/sirius/Downloads/apache-tomcat-8.0.24/bin:/Users/sirius/Downloads/apache-maven-3.3.3/bin:/Users/sirius/Downloads/apache-ant-1.9.6/bin:/Users/sirius/.rvm/bin
10 verbose lifecycle vue-element-admin@4.2.1~dev: CWD: /Users/sirius/Documents/06code/vue-element-admin-master
11 silly lifecycle vue-element-admin@4.2.1~dev: Args: [ '-c', 'vue-cli-service serve' ]
12 silly lifecycle vue-element-admin@4.2.1~dev: Returned: code: 1  signal: null
13 info lifecycle vue-element-admin@4.2.1~dev: Failed to exec dev script
14 verbose stack Error: vue-element-admin@4.2.1 dev: `vue-cli-service serve`
14 verbose stack Exit status 1
14 verbose stack     at EventEmitter.<anonymous> (/usr/local/lib/node_modules/npm/lib/utils/lifecycle.js:255:16)
14 verbose stack     at emitTwo (events.js:106:13)
14 verbose stack     at EventEmitter.emit (events.js:191:7)
14 verbose stack     at ChildProcess.<anonymous> (/usr/local/lib/node_modules/npm/lib/utils/spawn.js:40:14)
14 verbose stack     at emitTwo (events.js:106:13)
14 verbose stack     at ChildProcess.emit (events.js:191:7)
14 verbose stack     at maybeClose (internal/child_process.js:877:16)
14 verbose stack     at Process.ChildProcess._handle.onexit (internal/child_process.js:226:5)
15 verbose pkgid vue-element-admin@4.2.1
16 verbose cwd /Users/sirius/Documents/06code/vue-element-admin-master
17 error Darwin 18.2.0
18 error argv "/usr/local/bin/node" "/usr/local/bin/npm" "run" "dev"
19 error node v6.9.1
20 error npm  v3.10.8
21 error code ELIFECYCLE
22 error vue-element-admin@4.2.1 dev: `vue-cli-service serve`
22 error Exit status 1
23 error Failed at the vue-element-admin@4.2.1 dev script 'vue-cli-service serve'.
23 error Make sure you have the latest version of node.js and npm installed.
23 error If you do, this is most likely a problem with the vue-element-admin package,
23 error not with npm itself.
23 error Tell the author that this fails on your system:
23 error     vue-cli-service serve
23 error You can get information on how to open an issue for this project with:
23 error     npm bugs vue-element-admin
23 error Or if that isn't available, you can get their info via:
23 error     npm owner ls vue-element-admin
23 error There is likely additional logging output above.
24 verbose exit [ 1, true ]
